2022-06-07 18:39:50 INFO  [main] cigma.pfe.ApplicationRunner : Starting ApplicationRunner using Java 15.0.2 on lenovo-PC with PID 10736 (C:\Users\lenovo\Documents\JAVA\MonPFE\target\classes started by lenovo in C:\Users\lenovo\Documents\JAVA\MonPFE)
2022-06-07 18:39:50 INFO  [main] cigma.pfe.ApplicationRunner : No active profile set, falling back to default profiles: default
2022-06-07 18:39:52 INFO  [main] org.springframework.data.repository.config.RepositoryConfigurationDelegate : Bootstrapping Spring Data JPA repositories in DEFAULT mode.
2022-06-07 18:39:53 INFO  [main] org.springframework.data.repository.config.RepositoryConfigurationDelegate : Finished Spring Data repository scanning in 172 ms. Found 2 JPA repository interfaces.
2022-06-07 18:39:54 INFO  [main] org.springframework.boot.web.embedded.tomcat.TomcatWebServer : Tomcat initialized with port(s): 8083 (http)
2022-06-07 18:39:54 INFO  [main] org.apache.catalina.core.StandardService : Starting service [Tomcat]
2022-06-07 18:39:54 INFO  [main] org.apache.catalina.core.StandardEngine : Starting Servlet engine: [Apache Tomcat/9.0.46]
2022-06-07 18:39:54 INFO  [main] org.apache.catalina.core.ContainerBase.[Tomcat].[localhost].[/api] : Initializing Spring embedded WebApplicationContext
2022-06-07 18:39:54 INFO  [main] org.springframework.boot.web.servlet.context.ServletWebServerApplicationContext : Root WebApplicationContext: initialization completed in 3296 ms
2022-06-07 18:39:54 INFO  [main] com.zaxxer.hikari.HikariDataSource : HikariPool-1 - Starting...
2022-06-07 18:39:54 INFO  [main] com.zaxxer.hikari.pool.PoolBase : HikariPool-1 - Driver does not support get/set network timeout for connections. (Receiver class com.mysql.jdbc.JDBC4Connection does not define or inherit an implementation of the resolved method 'abstract int getNetworkTimeout()' of interface java.sql.Connection.)
2022-06-07 18:39:54 INFO  [main] com.zaxxer.hikari.HikariDataSource : HikariPool-1 - Start completed.
2022-06-07 18:39:57 INFO  [main] org.springframework.orm.jpa.LocalContainerEntityManagerFactoryBean : Initialized JPA EntityManagerFactory for persistence unit 'default'
2022-06-07 18:39:58 WARN  [main] org.springframework.boot.autoconfigure.orm.jpa.JpaBaseConfiguration$JpaWebConfiguration : spring.jpa.open-in-view is enabled by default. Therefore, database queries may be performed during view rendering. Explicitly configure spring.jpa.open-in-view to disable this warning
2022-06-07 18:39:59 WARN  [main] org.springframework.boot.autoconfigure.batch.JpaBatchConfigurer : JPA does not support custom isolation levels, so locks may not be taken when launching Jobs
2022-06-07 18:39:59 INFO  [main] org.springframework.batch.core.repository.support.JobRepositoryFactoryBean : No database type set, using meta data indicating: MYSQL
2022-06-07 18:39:59 INFO  [main] org.springframework.batch.core.launch.support.SimpleJobLauncher : No TaskExecutor has been set, defaulting to synchronous executor.
2022-06-07 18:39:59 INFO  [main] org.springframework.boot.web.embedded.tomcat.TomcatWebServer : Tomcat started on port(s): 8083 (http) with context path '/api'
2022-06-07 18:39:59 INFO  [main] cigma.pfe.ApplicationRunner : Started ApplicationRunner in 9.621 seconds (JVM running for 20.619)
2022-06-07 18:40:39 INFO  [http-nio-8083-exec-2] org.apache.catalina.core.ContainerBase.[Tomcat].[localhost].[/api] : Initializing Spring DispatcherServlet 'dispatcherServlet'
2022-06-07 18:40:40 INFO  [http-nio-8083-exec-2] cigma.pfe.controllers.ClientController : the list contains clients
